----------------------------------------------------------------
Mon Mar 06 21:47:29 BRT 2023:
Booting Derby version The Apache Software Foundation - Apache Derby - 10.14.2.0 - (1828579): instance a816c00e-0186-b989-9e68-00000473f990 
on database directory memory:C:\Users\usuario\Desktop\aulacocaojava-main\459a5119-777b-4817-ae7b-c73573df1045 with class loader jdk.internal.loader.ClassLoaders$AppClassLoader@4b1210ee 
Loaded from file:/D:/cocao/m2/repository/org/apache/derby/derby/10.14.2.0/derby-10.14.2.0.jar
java.vendor=Oracle Corporation
java.runtime.version=19.0.1+10-21
user.dir=C:\Users\usuario\Desktop\aulacocaojava-main
os.name=Windows 10
os.arch=amd64
os.version=10.0
derby.system.home=null
Database Class Loader started - derby.database.classpath=''
----------------------------------------------------------------
Mon Mar 06 22:13:09 BRT 2023:
Shutting down instance a816c00e-0186-b989-9e68-00000473f990 on database directory memory:C:\Users\usuario\Desktop\aulacocaojava-main\459a5119-777b-4817-ae7b-c73573df1045 with class loader jdk.internal.loader.ClassLoaders$AppClassLoader@4b1210ee 
----------------------------------------------------------------
Mon Mar 06 22:13:10 BRT 2023:
Booting Derby version The Apache Software Foundation - Apache Derby - 10.14.2.0 - (1828579): instance fcd90178-0186-b989-9e68-00000473f990 
on database directory memory:C:\Users\usuario\Desktop\aulacocaojava-main\5ac13026-657f-4cff-8d60-0eb0d604fde5 with class loader jdk.internal.loader.ClassLoaders$AppClassLoader@4b1210ee 
Loaded from file:/D:/cocao/m2/repository/org/apache/derby/derby/10.14.2.0/derby-10.14.2.0.jar
java.vendor=Oracle Corporation
java.runtime.version=19.0.1+10-21
user.dir=C:\Users\usuario\Desktop\aulacocaojava-main
os.name=Windows 10
os.arch=amd64
os.version=10.0
derby.system.home=null
Database Class Loader started - derby.database.classpath=''
